<?xml version="1.0" encoding="UTF-8"?>
<!-- Generated by org.testng.reporters.JUnitReportReporter -->
<testsuite hostname="DESKTOP-HUOEVJ3" failures="0" tests="1" name="httpsMethods.BasicGET_Request" time="3.955" errors="0" timestamp="2024-05-31T10:12:37 IST" skipped="0">
  <testcase classname="httpsMethods.BasicGET_Request" name="SingleUserTest" time="3.955"/>
  <system-out/>
</testsuite> <!-- httpsMethods.BasicGET_Request -->
