<?xml version="1.0" encoding="UTF-8"?>
<!-- Generated by org.testng.reporters.JUnitReportReporter -->
<testsuite hostname="DESKTOP-HUOEVJ3" failures="0" tests="1" name="httpsMethods.POST_Request_ways" time="6.327" errors="0" timestamp="2024-05-31T14:50:13 IST" skipped="0">
  <testcase classname="httpsMethods.POST_Request_ways" name="pojoWay" time="6.327"/>
  <system-out/>
</testsuite> <!-- httpsMethods.POST_Request_ways -->
