<?xml version="1.0" encoding="UTF-8"?>
<!-- Generated by org.testng.reporters.JUnitReportReporter -->
<testsuite hostname="DESKTOP-HUOEVJ3" failures="0" tests="1" name="httpsMethods.BDD_GET_Request" time="4.017" errors="0" timestamp="2024-05-28T11:59:41 IST" skipped="0">
  <testcase classname="httpsMethods.BDD_GET_Request" name="get_GoogleTest2" time="4.017"/>
  <system-out/>
</testsuite> <!-- httpsMethods.BDD_GET_Request -->
