<?xml version="1.0" encoding="UTF-8"?>
<!-- Generated by org.testng.reporters.JUnitReportReporter -->
<testsuite hostname="DESKTOP-HUOEVJ3" failures="0" tests="1" name="httpsMethods.Update_Delete_Request" time="4.076" errors="0" timestamp="2024-05-31T15:07:02 IST" skipped="0">
  <testcase classname="httpsMethods.Update_Delete_Request" name="deleteUser" time="4.076"/>
  <system-out/>
</testsuite> <!-- httpsMethods.Update_Delete_Request -->
